k-clique listing with undirected graphs
Using DAG (static orientation)
input file path: inputs/livej, graph name: livej
Orientation enabled, using DAG
Time on generating the DAG: 0.259742 sec
|V|: 4847571, |E|: 42851237, Max Degree: 686
This graph does not have vertex labels
This graph does not have edge labels
This graph has no input vertex features
Found 8 devices
  Device[0]: NVIDIA GeForce RTX 2080 Ti
  Compute capability: 7.5
  Warp size: 32
  Total # SM: 68
  Total # CUDA cores: 4352
  Total amount of shared memory per block: 49152 bytes
  Total # registers per block: 65536
  Total amount of constant memory: 65536 bytes
  Total global memory: 10.7 GB
  Memory Clock Rate: 6.68 GHz
  Memory Bus Width: 352 bits
  Peak Memory Bandwidth: 616.00 GB/s

  Device[1]: NVIDIA GeForce RTX 2080 Ti
  Device[2]: NVIDIA GeForce RTX 2080 Ti
  Device[3]: NVIDIA GeForce RTX 2080 Ti
  Device[4]: NVIDIA GeForce RTX 2080 Ti
  Device[5]: NVIDIA GeForce RTX 2080 Ti
  Device[6]: NVIDIA GeForce RTX 2080 Ti
  Device[7]: NVIDIA GeForce RTX 2080 Ti
GPU_total_mem = 11539054592 graph_mem = 381590472
Time on generating the edgelist: 0.215559 sec
4-clique max_blocks_per_SM = 4
CUDA 4-clique listing/counting (4352 CTAs, 256 threads/CTA)
frontier list size: 91 MB
runtime [gpu] = 0.413325 sec
num_4-cliques = 9933532019
