Triangle Counting: we assume the neighbor lists are sorted.
input file path: inputs/twitter40, graph name: twitter40
Orientation enabled, using DAG
Time on generating the DAG: 12.7717 sec
|V|: 41652230, |E|: 1202513046, Max Degree: 4102
This graph does not have vertex labels
This graph does not have edge labels
This graph has no input vertex features
Found 8 devices
  Device[0]: NVIDIA GeForce RTX 2080 Ti
  Compute capability: 7.5
  Warp size: 32
  Total # SM: 68
  Total # CUDA cores: 4352
  Total amount of shared memory per block: 49152 bytes
  Total # registers per block: 65536
  Total amount of constant memory: 65536 bytes
  Total global memory: 10.7 GB
  Memory Clock Rate: 6.68 GHz
  Memory Bus Width: 352 bits
  Peak Memory Bandwidth: 616.00 GB/s

  Device[1]: NVIDIA GeForce RTX 2080 Ti
  Device[2]: NVIDIA GeForce RTX 2080 Ti
  Device[3]: NVIDIA GeForce RTX 2080 Ti
  Device[4]: NVIDIA GeForce RTX 2080 Ti
  Device[5]: NVIDIA GeForce RTX 2080 Ti
  Device[6]: NVIDIA GeForce RTX 2080 Ti
  Device[7]: NVIDIA GeForce RTX 2080 Ti
GPU_total_mem = 11539054592 graph_mem = 9953322216
num_subgraphs: 5 subgraph_size: 8330446
generating subgraph[0]: from vertex 0 to 8330446
|V| = 13459275 |E| = 728451421
generating subgraph[1]: from vertex 8330446 to 16660892
|V| = 14330769 |E| = 770990592
generating subgraph[2]: from vertex 16660892 to 24991338
|V| = 14353266 |E| = 780883646
generating subgraph[3]: from vertex 24991338 to 33321784
|V| = 13714158 |E| = 749879930
generating subgraph[4]: from vertex 33321784 to 41652230
|V| = 13702405 |E| = 730721623
Total GPU copy time (graph+edgelist) = 12.3803 sec
max_blocks_per_SM = 4
CUDA triangle counting (1632 CTAs, 256 threads/CTA)
runtime[gpu0] = 4.74317 sec
runtime[gpu1] = 2.1032 sec
runtime[gpu2] = 1.90118 sec
runtime[gpu3] = 1.61157 sec
runtime[gpu4] = 0.953537 sec
runtime = 4.74358 sec
total_num_triangles = 34824916864
