Triangle Counting: we assume the neighbor lists are sorted.
input file path: inputs/twitter40, graph name: twitter40
Orientation enabled, using DAG
Time on generating the DAG: 10.1632 sec
|V|: 41652230, |E|: 1202513046, Max Degree: 4102
This graph does not have vertex labels
This graph does not have edge labels
This graph has no input vertex features
Found 8 devices
  Device[0]: NVIDIA GeForce RTX 2080 Ti
  Compute capability: 7.5
  Warp size: 32
  Total # SM: 68
  Total # CUDA cores: 4352
  Total amount of shared memory per block: 49152 bytes
  Total # registers per block: 65536
  Total amount of constant memory: 65536 bytes
  Total global memory: 10.7 GB
  Memory Clock Rate: 6.68 GHz
  Memory Bus Width: 352 bits
  Peak Memory Bandwidth: 616.00 GB/s

  Device[1]: NVIDIA GeForce RTX 2080 Ti
  Device[2]: NVIDIA GeForce RTX 2080 Ti
  Device[3]: NVIDIA GeForce RTX 2080 Ti
  Device[4]: NVIDIA GeForce RTX 2080 Ti
  Device[5]: NVIDIA GeForce RTX 2080 Ti
  Device[6]: NVIDIA GeForce RTX 2080 Ti
  Device[7]: NVIDIA GeForce RTX 2080 Ti
GPU_total_mem = 11539054592 graph_mem = 9953322216
num_subgraphs: 7 subgraph_size: 5950319
generating subgraph[0]: from vertex 0 to 5950319
|V| = 10887806 |E| = 673513856
generating subgraph[1]: from vertex 5950319 to 11900638
|V| = 11543143 |E| = 712197334
generating subgraph[2]: from vertex 11900638 to 17850957
|V| = 11550313 |E| = 708252024
generating subgraph[3]: from vertex 17850957 to 23801276
|V| = 11432865 |E| = 713729942
generating subgraph[4]: from vertex 23801276 to 29751595
|V| = 10958550 |E| = 688768066
generating subgraph[5]: from vertex 29751595 to 35701914
|V| = 10758675 |E| = 660715121
generating subgraph[6]: from vertex 35701914 to 41652230
|V| = 10767980 |E| = 653491750
Total GPU copy time (graph+edgelist) = 12.4441 sec
max_blocks_per_SM = 4
CUDA triangle counting (1632 CTAs, 256 threads/CTA)
runtime[gpu0] = 4.02537 sec
runtime[gpu1] = 2.13153 sec
runtime[gpu2] = 1.38888 sec
runtime[gpu3] = 1.46948 sec
runtime[gpu4] = 1.48212 sec
runtime[gpu5] = 0.971001 sec
runtime[gpu6] = 0.783414 sec
runtime = 4.02583 sec
total_num_triangles = 34824916864
