Triangle Counting: we assume the neighbor lists are sorted.
input file path: inputs/twitter40, graph name: twitter40
Orientation enabled, using DAG
Time on generating the DAG: 10.368 sec
|V|: 41652230, |E|: 1202513046, Max Degree: 4102
This graph does not have vertex labels
This graph does not have edge labels
This graph has no input vertex features
Found 8 devices
  Device[0]: NVIDIA GeForce RTX 2080 Ti
  Compute capability: 7.5
  Warp size: 32
  Total # SM: 68
  Total # CUDA cores: 4352
  Total amount of shared memory per block: 49152 bytes
  Total # registers per block: 65536
  Total amount of constant memory: 65536 bytes
  Total global memory: 10.7 GB
  Memory Clock Rate: 6.68 GHz
  Memory Bus Width: 352 bits
  Peak Memory Bandwidth: 616.00 GB/s

  Device[1]: NVIDIA GeForce RTX 2080 Ti
  Device[2]: NVIDIA GeForce RTX 2080 Ti
  Device[3]: NVIDIA GeForce RTX 2080 Ti
  Device[4]: NVIDIA GeForce RTX 2080 Ti
  Device[5]: NVIDIA GeForce RTX 2080 Ti
  Device[6]: NVIDIA GeForce RTX 2080 Ti
  Device[7]: NVIDIA GeForce RTX 2080 Ti
GPU_total_mem = 11539054592 graph_mem = 9953322216
num_subgraphs: 6 subgraph_size: 6942039
generating subgraph[0]: from vertex 0 to 6942039
|V| = 11973475 |E| = 697603143
generating subgraph[1]: from vertex 6942039 to 13884078
|V| = 12754072 |E| = 738680371
generating subgraph[2]: from vertex 13884078 to 20826117
|V| = 12720493 |E| = 741121162
generating subgraph[3]: from vertex 20826117 to 27768156
|V| = 12491044 |E| = 729645127
generating subgraph[4]: from vertex 27768156 to 34710195
|V| = 12007832 |E| = 705043320
generating subgraph[5]: from vertex 34710195 to 41652230
|V| = 12011723 |E| = 688129833
Total GPU copy time (graph+edgelist) = 13.7632 sec
max_blocks_per_SM = 4
CUDA triangle counting (1632 CTAs, 256 threads/CTA)
runtime[gpu0] = 4.35877 sec
runtime[gpu1] = 2.21287 sec
runtime[gpu2] = 1.54779 sec
runtime[gpu3] = 1.70789 sec
runtime[gpu4] = 1.31492 sec
runtime[gpu5] = 0.847169 sec
runtime = 4.35929 sec
total_num_triangles = 34824916864
