Triangle Counting: we assume the neighbor lists are sorted.
input file path: inputs/livej, graph name: livej
Orientation enabled, using DAG
Time on generating the DAG: 0.271726 sec
|V|: 66844631, |E|: 3612071308, Max Degree: 5214
This graph does not have vertex labels
This graph does not have edge labels
This graph has no input vertex features
Found 8 devices
  Device[0]: NVIDIA A800 80GB PCIe
  Compute capability: 7.5
  Warp size: 32
  Total # SM: 68
  Total # CUDA cores: 4352
  Total amount of shared memory per block: 49152 bytes
  Total # registers per block: 65536
  Total amount of constant memory: 65536 bytes
  Total global memory: 10.7 GB
  Memory Clock Rate: 6.68 GHz
  Memory Bus Width: 352 bits
  Peak Memory Bandwidth: 616.00 GB/s

  Device[1]: NVIDIA A800 80GB PCIe
  Device[2]: NVIDIA A800 80GB PCIe
  Device[3]: NVIDIA A800 80GB PCIe
  Device[4]: NVIDIA A800 80GB PCIe
  Device[5]: NVIDIA A800 80GB PCIe
  Device[6]: NVIDIA A800 80GB PCIe
  Device[7]: NVIDIA A800 80GB PCIe
GPU_total_mem = 11539054592 graph_mem = 381590472
Time on generating the edgelist: 0.209401 sec
Edge parallel: edgelist size = 42851237
max_blocks_per_SM = 4
CUDA triangle counting (65536 CTAs, 256 threads/CTA)
runtime [gpu_base] = 0.046165 sec
throughput = 0.928219 billion Traversed Edges Per Second (TEPS)
total_num_triangles = 285730264
