Triangle Counting: we assume the neighbor lists are sorted.
input file path: inputs/twitter40, graph name: twitter40
Orientation enabled, using DAG
Time on generating the DAG: 11.8428 sec
|V|: 41652230, |E|: 1202513046, Max Degree: 4102
This graph does not have vertex labels
This graph does not have edge labels
This graph has no input vertex features
Found 8 devices
  Device[0]: NVIDIA GeForce RTX 2080 Ti
  Compute capability: 7.5
  Warp size: 32
  Total # SM: 68
  Total # CUDA cores: 4352
  Total amount of shared memory per block: 49152 bytes
  Total # registers per block: 65536
  Total amount of constant memory: 65536 bytes
  Total global memory: 10.7 GB
  Memory Clock Rate: 6.68 GHz
  Memory Bus Width: 352 bits
  Peak Memory Bandwidth: 616.00 GB/s

  Device[1]: NVIDIA GeForce RTX 2080 Ti
  Device[2]: NVIDIA GeForce RTX 2080 Ti
  Device[3]: NVIDIA GeForce RTX 2080 Ti
  Device[4]: NVIDIA GeForce RTX 2080 Ti
  Device[5]: NVIDIA GeForce RTX 2080 Ti
  Device[6]: NVIDIA GeForce RTX 2080 Ti
  Device[7]: NVIDIA GeForce RTX 2080 Ti
GPU_total_mem = 11539054592 graph_mem = 9953322216
num_subgraphs: 4 subgraph_size: 10413058
generating subgraph[0]: from vertex 0 to 10413058
|V| = 15567938 |E| = 769280780
generating subgraph[1]: from vertex 10413058 to 20826116
|V| = 16551237 |E| = 822044120
generating subgraph[2]: from vertex 20826116 to 31239174
|V| = 16337306 |E| = 822374366
generating subgraph[3]: from vertex 31239174 to 41652230
|V| = 16112725 |E| = 789365765
Total GPU copy time (graph+edgelist) = 10.4333 sec
max_blocks_per_SM = 4
CUDA triangle counting (1632 CTAs, 256 threads/CTA)
runtime[gpu0] = 5.3396 sec
runtime[gpu1] = 2.11742 sec
runtime[gpu2] = 2.28312 sec
runtime[gpu3] = 1.18563 sec
runtime = 5.33996 sec
total_num_triangles = 34824916864
