Triangle Counting: we assume the neighbor lists are sorted.
input file path: inputs/twitter40, graph name: twitter40
Orientation enabled, using DAG
Time on generating the DAG: 10.6593 sec
|V|: 41652230, |E|: 1202513046, Max Degree: 4102
This graph does not have vertex labels
This graph does not have edge labels
This graph has no input vertex features
Found 8 devices
  Device[0]: NVIDIA GeForce RTX 2080 Ti
  Compute capability: 7.5
  Warp size: 32
  Total # SM: 68
  Total # CUDA cores: 4352
  Total amount of shared memory per block: 49152 bytes
  Total # registers per block: 65536
  Total amount of constant memory: 65536 bytes
  Total global memory: 10.7 GB
  Memory Clock Rate: 6.68 GHz
  Memory Bus Width: 352 bits
  Peak Memory Bandwidth: 616.00 GB/s

  Device[1]: NVIDIA GeForce RTX 2080 Ti
  Device[2]: NVIDIA GeForce RTX 2080 Ti
  Device[3]: NVIDIA GeForce RTX 2080 Ti
  Device[4]: NVIDIA GeForce RTX 2080 Ti
  Device[5]: NVIDIA GeForce RTX 2080 Ti
  Device[6]: NVIDIA GeForce RTX 2080 Ti
  Device[7]: NVIDIA GeForce RTX 2080 Ti
GPU_total_mem = 11539054592 graph_mem = 9953322216
Time on generating the edgelist: 4.46179 sec
Edge parallel: edgelist size = 1202513046
max_blocks_per_SM = 4
CUDA triangle counting (65536 CTAs, 256 threads/CTA)
runtime [gpu_base] = 7.43561 sec
throughput = 0.161723 billion Traversed Edges Per Second (TEPS)
total_num_triangles = 34824916864
