Triangle Counting: we assume the neighbor lists are sorted.
input file path: inputs/twitter40, graph name: twitter40
Orientation enabled, using DAG
Time on generating the DAG: 11.4597 sec
|V|: 41652230, |E|: 1202513046, Max Degree: 4102
This graph does not have vertex labels
This graph does not have edge labels
This graph has no input vertex features
Found 8 devices
  Device[0]: NVIDIA GeForce RTX 2080 Ti
  Compute capability: 7.5
  Warp size: 32
  Total # SM: 68
  Total # CUDA cores: 4352
  Total amount of shared memory per block: 49152 bytes
  Total # registers per block: 65536
  Total amount of constant memory: 65536 bytes
  Total global memory: 10.7 GB
  Memory Clock Rate: 6.68 GHz
  Memory Bus Width: 352 bits
  Peak Memory Bandwidth: 616.00 GB/s

  Device[1]: NVIDIA GeForce RTX 2080 Ti
  Device[2]: NVIDIA GeForce RTX 2080 Ti
  Device[3]: NVIDIA GeForce RTX 2080 Ti
  Device[4]: NVIDIA GeForce RTX 2080 Ti
  Device[5]: NVIDIA GeForce RTX 2080 Ti
  Device[6]: NVIDIA GeForce RTX 2080 Ti
  Device[7]: NVIDIA GeForce RTX 2080 Ti
GPU_total_mem = 11539054592 graph_mem = 9953322216
num_subgraphs: 3 subgraph_size: 13884077
generating subgraph[0]: from vertex 0 to 13884077
|V| = 18872780 |E| = 829828424
generating subgraph[1]: from vertex 13884077 to 27768154
|V| = 20118813 |E| = 897609281
generating subgraph[2]: from vertex 27768154 to 41652230
|V| = 19788841 |E| = 880972038
Total GPU copy time (graph+edgelist) = 4.84929 sec
max_blocks_per_SM = 4
CUDA triangle counting (1632 CTAs, 256 threads/CTA)
runtime[gpu0] = 5.82469 sec
runtime[gpu1] = 2.70955 sec
runtime[gpu2] = 1.69138 sec
runtime = 5.82509 sec
total_num_triangles = 34824916864
